This is pdfTeX, Version 3.141592653-2.6-1.40.27 (TeX Live 2025/nixos.org) (preloaded format=pdflatex 1980.1.1)  8 APR 2026 16:40
entering extended mode
 restricted \write18 enabled.
 %&-line parsing enabled.
**research/full-research.tex
(./research/full-research.tex
LaTeX2e <2025-06-01> patch level 1
L3 programming layer <2025-06-09>

! LaTeX Error: File `ima-authoring-template.cls' not found.

Type X to quit or <RETURN> to proceed,
or enter new name. (Default extension: cls)

Enter file name: 
! Interruption.
<to be read again> 
                   }
l.23 ^^M
        
? 
! Emergency stop.
<to be read again> 
                   }
l.23 ^^M
        
End of file on the terminal!

 
Here is how much of TeX's memory you used:
 20 strings out of 469014
 541 string characters out of 5440909
 425018 words of memory out of 5000000
 28496 multiletter control sequences out of 15000+600000
 626825 words of font info for 40 fonts, out of 8000000 for 9000
 430 hyphenation exceptions out of 8191
 19i,0n,29p,118b,17s stack positions out of 10000i,1000n,20000p,200000b,200000s
!  ==> Fatal error occurred, no output PDF file produced!
